2023-03-10 13:29:05.435 [info] update#setState idle
2023-03-10 13:29:17.202 [info] [UtilityProcess id: 1, type: extensionHost, pid: <none>]: creating new...
2023-03-10 13:29:17.472 [info] [UtilityProcess id: 1, type: extensionHost, pid: 382]: successfully created
2023-03-10 13:29:35.468 [info] update#setState checking for updates
2023-03-10 13:29:45.382 [error] update#isLatestVersion(): failed to check for updates
2023-03-10 13:29:45.384 [error] Error: net::ERR_NAME_NOT_RESOLVED
    at SimpleURLLoaderWrapper.<anonymous> (node:electron/js2c/browser_init:105:7047)
    at SimpleURLLoaderWrapper.emit (node:events:526:28)
2023-03-10 13:29:55.407 [error] Error: net::ERR_NAME_NOT_RESOLVED
    at SimpleURLLoaderWrapper.<anonymous> (node:electron/js2c/browser_init:105:7047)
    at SimpleURLLoaderWrapper.emit (node:events:526:28)
2023-03-10 13:29:55.422 [info] update#setState idle
2023-03-10 13:30:05.424 [error] update#isLatestVersion(): failed to check for updates
2023-03-10 13:30:05.426 [error] Error: net::ERR_NAME_NOT_RESOLVED
    at SimpleURLLoaderWrapper.<anonymous> (node:electron/js2c/browser_init:105:7047)
    at SimpleURLLoaderWrapper.emit (node:events:526:28)
2023-03-10 13:30:48.175 [info] [UtilityProcess id: 1, type: extensionHost, pid: 382]: enabling inspect port
2023-03-10 15:42:52.857 [info] update#setState checking for updates
2023-03-10 15:43:03.492 [error] Error: net::ERR_NAME_NOT_RESOLVED
    at SimpleURLLoaderWrapper.<anonymous> (node:electron/js2c/browser_init:105:7047)
    at SimpleURLLoaderWrapper.emit (node:events:526:28)
2023-03-10 15:43:03.494 [info] update#setState idle
