2023-03-09 16:36:57.654 [info] Nivel de registro: Info
2023-03-09 16:36:57.654 [info] La validación encontró GIT en: “git“
2023-03-09 16:36:57.654 [info] Usando GIT “2.30.2” desde “git”
2023-03-09 16:36:57.655 [info] > git rev-parse --show-toplevel [226ms]
2023-03-09 16:36:57.655 [info] fatal: not a git repository (or any of the parent directories): .git
2023-03-09 16:36:57.655 [info] > git rev-parse --show-toplevel [73ms]
2023-03-09 16:36:57.655 [info] fatal: not a git repository (or any of the parent directories): .git
2023-03-09 16:36:57.655 [info] > git rev-parse --show-toplevel [57ms]
2023-03-09 16:36:57.655 [info] fatal: not a git repository (or any of the parent directories): .git
2023-03-09 16:36:57.655 [info] > git rev-parse --show-toplevel [42ms]
2023-03-09 16:36:57.655 [info] fatal: not a git repository (or any of the parent directories): .git
2023-03-09 16:36:57.655 [info] > git rev-parse --show-toplevel [78ms]
2023-03-09 16:36:57.655 [info] fatal: not a git repository (or any of the parent directories): .git
2023-03-09 16:36:57.655 [info] > git rev-parse --show-toplevel [19ms]
2023-03-09 16:36:57.655 [info] fatal: not a git repository (or any of the parent directories): .git
2023-03-09 16:36:57.655 [info] > git rev-parse --show-toplevel [17ms]
2023-03-09 16:36:57.655 [info] fatal: not a git repository (or any of the parent directories): .git
2023-03-09 16:36:57.655 [info] > git rev-parse --show-toplevel [12ms]
2023-03-09 16:36:57.655 [info] fatal: not a git repository (or any of the parent directories): .git
2023-03-09 16:36:59.627 [info] > git rev-parse --show-toplevel [102ms]
2023-03-09 16:36:59.627 [info] fatal: not a git repository (or any of the parent directories): .git
2023-03-09 16:37:00.602 [info] > git rev-parse --show-toplevel [9ms]
2023-03-09 16:37:00.602 [info] fatal: not a git repository (or any of the parent directories): .git
2023-03-09 16:37:02.606 [info] > git rev-parse --show-toplevel [15ms]
2023-03-09 16:37:02.606 [info] fatal: not a git repository (or any of the parent directories): .git
2023-03-09 16:37:03.530 [info] > git rev-parse --show-toplevel [22ms]
2023-03-09 16:37:03.531 [info] fatal: not a git repository (or any of the parent directories): .git
