2023-03-06 15:52:15.790 [info] Nivel de registro: Info
2023-03-06 15:52:15.790 [info] La validación encontró GIT en: “git“
2023-03-06 15:52:15.790 [info] Usando GIT “2.30.2” desde “git”
2023-03-06 15:52:15.790 [info] > git rev-parse --show-toplevel [84ms]
2023-03-06 15:52:15.790 [info] fatal: not a git repository (or any of the parent directories): .git
2023-03-06 15:52:15.790 [info] > git rev-parse --show-toplevel [18ms]
2023-03-06 15:52:15.790 [info] fatal: not a git repository (or any of the parent directories): .git
2023-03-06 15:52:15.790 [info] > git rev-parse --show-toplevel [76ms]
2023-03-06 15:52:15.791 [info] fatal: not a git repository (or any of the parent directories): .git
2023-03-06 15:52:15.791 [info] > git rev-parse --show-toplevel [13ms]
2023-03-06 15:52:15.791 [info] fatal: not a git repository (or any of the parent directories): .git
2023-03-06 15:52:15.791 [info] > git rev-parse --show-toplevel [12ms]
2023-03-06 15:52:15.791 [info] fatal: not a git repository (or any of the parent directories): .git
2023-03-06 15:52:15.791 [info] > git rev-parse --show-toplevel [17ms]
2023-03-06 15:52:15.791 [info] fatal: not a git repository (or any of the parent directories): .git
2023-03-06 15:52:15.791 [info] > git rev-parse --show-toplevel [19ms]
2023-03-06 15:52:15.791 [info] fatal: not a git repository (or any of the parent directories): .git
2023-03-06 15:52:15.791 [info] > git rev-parse --show-toplevel [23ms]
2023-03-06 15:52:15.791 [info] fatal: not a git repository (or any of the parent directories): .git
2023-03-06 15:52:16.408 [info] > git rev-parse --show-toplevel [15ms]
2023-03-06 15:52:16.408 [info] fatal: not a git repository (or any of the parent directories): .git
2023-03-06 15:52:19.622 [info] > git rev-parse --show-toplevel [8ms]
2023-03-06 15:52:19.622 [info] fatal: not a git repository (or any of the parent directories): .git
2023-03-06 15:52:20.143 [info] > git rev-parse --show-toplevel [19ms]
2023-03-06 15:52:20.145 [info] fatal: not a git repository (or any of the parent directories): .git
2023-03-06 15:52:21.634 [info] > git rev-parse --show-toplevel [28ms]
2023-03-06 15:52:21.634 [info] fatal: not a git repository (or any of the parent directories): .git
2023-03-06 16:05:38.450 [info] > git rev-parse --show-toplevel [38ms]
2023-03-06 16:05:38.451 [info] fatal: not a git repository (or any of the parent directories): .git
2023-03-06 16:05:40.107 [info] > git rev-parse --show-toplevel [27ms]
2023-03-06 16:05:40.108 [info] fatal: not a git repository (or any of the parent directories): .git
