2023-03-09 20:14:41.949 [info] Nivel de registro: Info
2023-03-09 20:14:41.949 [info] La validación encontró GIT en: “git“
2023-03-09 20:14:41.949 [info] Usando GIT “2.30.2” desde “git”
2023-03-09 20:14:41.949 [info] > git rev-parse --show-toplevel [495ms]
2023-03-09 20:14:41.949 [info] fatal: not a git repository (or any of the parent directories): .git
2023-03-09 20:14:41.953 [info] > git rev-parse --show-toplevel [22ms]
2023-03-09 20:14:41.953 [info] fatal: not a git repository (or any of the parent directories): .git
2023-03-09 20:14:42.000 [info] > git rev-parse --show-toplevel [22ms]
2023-03-09 20:14:42.001 [info] fatal: not a git repository (or any of the parent directories): .git
2023-03-09 20:14:42.039 [info] > git rev-parse --show-toplevel [19ms]
2023-03-09 20:14:42.039 [info] fatal: not a git repository (or any of the parent directories): .git
2023-03-09 20:14:42.069 [info] > git rev-parse --show-toplevel [18ms]
2023-03-09 20:14:42.070 [info] fatal: not a git repository (or any of the parent directories): .git
2023-03-09 20:14:42.122 [info] > git rev-parse --show-toplevel [18ms]
2023-03-09 20:14:42.123 [info] fatal: not a git repository (or any of the parent directories): .git
2023-03-09 20:14:42.173 [info] > git rev-parse --show-toplevel [23ms]
2023-03-09 20:14:42.174 [info] fatal: not a git repository (or any of the parent directories): .git
2023-03-09 20:14:42.216 [info] > git rev-parse --show-toplevel [21ms]
2023-03-09 20:14:42.217 [info] fatal: not a git repository (or any of the parent directories): .git
2023-03-09 20:14:44.484 [info] > git rev-parse --show-toplevel [117ms]
2023-03-09 20:14:44.484 [info] fatal: not a git repository (or any of the parent directories): .git
2023-03-09 20:14:45.971 [info] > git rev-parse --show-toplevel [9ms]
2023-03-09 20:14:45.972 [info] fatal: not a git repository (or any of the parent directories): .git
2023-03-09 20:14:47.593 [info] > git rev-parse --show-toplevel [50ms]
2023-03-09 20:14:47.594 [info] fatal: not a git repository (or any of the parent directories): .git
2023-03-09 20:14:49.816 [info] > git rev-parse --show-toplevel [50ms]
2023-03-09 20:14:49.816 [info] fatal: not a git repository (or any of the parent directories): .git
