2023-03-10 13:29:23.953 [info] Extension host with pid 382 started
2023-03-10 13:29:23.954 [info] Skipping acquiring lock for /home/darlyn_contreras_020322/.config/Code/User/workspaceStorage/9f66b427196590a465b831bb24335078.
2023-03-10 13:29:25.884 [info] ExtensionService#_doActivateExtension vscode.emmet, startup: false, activationEvent: 'onLanguage'
2023-03-10 13:29:25.888 [info] ExtensionService#_doActivateExtension vscode.html-language-features, startup: false, activationEvent: 'onLanguage:html'
2023-03-10 13:29:25.890 [info] ExtensionService#_doActivateExtension vscode.git-base, startup: true, activationEvent: '*', root cause: vscode.git
2023-03-10 13:29:25.905 [info] ExtensionService#_doActivateExtension yandeu.five-server, startup: true, activationEvent: '*'
2023-03-10 13:29:35.308 [info] ExtensionService#_doActivateExtension vscode.debug-auto-launch, startup: false, activationEvent: 'onStartupFinished'
2023-03-10 13:29:35.336 [info] ExtensionService#_doActivateExtension vscode.merge-conflict, startup: false, activationEvent: 'onStartupFinished'
2023-03-10 13:29:35.347 [info] ExtensionService#_doActivateExtension ritwickdey.LiveServer, startup: false, activationEvent: 'onStartupFinished'
2023-03-10 13:29:35.536 [info] ExtensionService#_doActivateExtension vscode.git, startup: true, activationEvent: '*'
2023-03-10 13:29:35.571 [info] ExtensionService#_doActivateExtension vscode.github, startup: true, activationEvent: '*'
2023-03-10 13:29:38.111 [info] Eager extensions activated
2023-03-10 13:29:42.612 [info] ExtensionService#_doActivateExtension vscode.github-authentication, startup: false, activationEvent: 'onAuthenticationRequest:github'
2023-03-10 13:29:43.119 [info] ExtensionService#_doActivateExtension vscode.microsoft-authentication, startup: false, activationEvent: 'onAuthenticationRequest:microsoft'
2023-03-10 15:50:10.811 [warning] [Decorations] CAPPING events from decorations provider vscode.git 8111
2023-03-10 15:50:17.490 [warning] [Decorations] CAPPING events from decorations provider vscode.git 8111
2023-03-10 15:50:24.959 [warning] [Decorations] CAPPING events from decorations provider vscode.git 8111
2023-03-10 15:50:41.725 [warning] [Decorations] CAPPING events from decorations provider vscode.git 8111
2023-03-10 15:50:47.955 [warning] [Decorations] CAPPING events from decorations provider vscode.git 8111
2023-03-10 15:50:53.574 [warning] [Decorations] CAPPING events from decorations provider vscode.git 8111
2023-03-10 15:50:59.809 [warning] [Decorations] CAPPING events from decorations provider vscode.git 8111
2023-03-10 15:51:06.538 [warning] [Decorations] CAPPING events from decorations provider vscode.git 8111
2023-03-10 15:51:14.482 [warning] [Decorations] CAPPING events from decorations provider vscode.git 8111
2023-03-10 15:51:20.926 [warning] [Decorations] CAPPING events from decorations provider vscode.git 8111
2023-03-10 15:51:27.719 [warning] [Decorations] CAPPING events from decorations provider vscode.git 8111
2023-03-10 15:51:36.383 [warning] [Decorations] CAPPING events from decorations provider vscode.git 8111
2023-03-10 15:51:42.550 [warning] [Decorations] CAPPING events from decorations provider vscode.git 8111
2023-03-10 15:51:50.488 [warning] [Decorations] CAPPING events from decorations provider vscode.git 8111
2023-03-10 15:52:03.362 [warning] [Decorations] CAPPING events from decorations provider vscode.git 8111
2023-03-10 15:52:09.231 [warning] [Decorations] CAPPING events from decorations provider vscode.git 8111
2023-03-10 15:52:16.809 [warning] [Decorations] CAPPING events from decorations provider vscode.git 8111
2023-03-10 15:52:23.073 [warning] [Decorations] CAPPING events from decorations provider vscode.git 8111
2023-03-10 15:52:29.217 [warning] [Decorations] CAPPING events from decorations provider vscode.git 8111
2023-03-10 15:52:36.101 [warning] [Decorations] CAPPING events from decorations provider vscode.git 8111
2023-03-10 15:52:43.807 [warning] [Decorations] CAPPING events from decorations provider vscode.git 8111
2023-03-10 15:52:49.347 [warning] [Decorations] CAPPING events from decorations provider vscode.git 8111
2023-03-10 15:52:55.017 [warning] [Decorations] CAPPING events from decorations provider vscode.git 8111
2023-03-10 15:53:00.685 [warning] [Decorations] CAPPING events from decorations provider vscode.git 8111
2023-03-10 15:53:06.302 [warning] [Decorations] CAPPING events from decorations provider vscode.git 8111
2023-03-10 15:53:11.818 [warning] [Decorations] CAPPING events from decorations provider vscode.git 8111
2023-03-10 15:53:17.500 [warning] [Decorations] CAPPING events from decorations provider vscode.git 8111
2023-03-10 15:53:24.925 [warning] [Decorations] CAPPING events from decorations provider vscode.git 8111
2023-03-10 15:53:34.620 [warning] [Decorations] CAPPING events from decorations provider vscode.git 8111
2023-03-10 15:53:42.150 [warning] [Decorations] CAPPING events from decorations provider vscode.git 8111
2023-03-10 15:53:49.437 [warning] [Decorations] CAPPING events from decorations provider vscode.git 8111
2023-03-10 15:53:55.281 [warning] [Decorations] CAPPING events from decorations provider vscode.git 8111
2023-03-10 15:54:01.551 [warning] [Decorations] CAPPING events from decorations provider vscode.git 8111
2023-03-10 15:54:07.423 [warning] [Decorations] CAPPING events from decorations provider vscode.git 8111
2023-03-10 15:55:08.264 [warning] [Decorations] CAPPING events from decorations provider vscode.git 8111
2023-03-10 15:55:14.009 [warning] [Decorations] CAPPING events from decorations provider vscode.git 8111
2023-03-10 15:55:21.069 [warning] [Decorations] CAPPING events from decorations provider vscode.git 8111
2023-03-10 15:55:30.299 [warning] [Decorations] CAPPING events from decorations provider vscode.git 8111
2023-03-10 15:55:36.627 [warning] [Decorations] CAPPING events from decorations provider vscode.git 8111
2023-03-10 15:55:45.029 [warning] [Decorations] CAPPING events from decorations provider vscode.git 8111
2023-03-10 15:55:53.438 [warning] [Decorations] CAPPING events from decorations provider vscode.git 8111
2023-03-10 15:56:01.446 [warning] [Decorations] CAPPING events from decorations provider vscode.git 8111
2023-03-10 15:56:07.014 [warning] [Decorations] CAPPING events from decorations provider vscode.git 8111
2023-03-10 15:56:12.969 [warning] [Decorations] CAPPING events from decorations provider vscode.git 8111
2023-03-10 15:56:18.521 [warning] [Decorations] CAPPING events from decorations provider vscode.git 8111
2023-03-10 15:56:24.077 [warning] [Decorations] CAPPING events from decorations provider vscode.git 8111
2023-03-10 15:56:29.720 [warning] [Decorations] CAPPING events from decorations provider vscode.git 8111
2023-03-10 15:56:35.265 [warning] [Decorations] CAPPING events from decorations provider vscode.git 8111
2023-03-10 15:56:40.989 [warning] [Decorations] CAPPING events from decorations provider vscode.git 8111
2023-03-10 15:56:46.614 [warning] [Decorations] CAPPING events from decorations provider vscode.git 8111
2023-03-10 15:56:52.598 [warning] [Decorations] CAPPING events from decorations provider vscode.git 8111
2023-03-10 15:56:58.173 [warning] [Decorations] CAPPING events from decorations provider vscode.git 8111
2023-03-10 15:57:03.710 [warning] [Decorations] CAPPING events from decorations provider vscode.git 8111
2023-03-10 15:57:09.339 [warning] [Decorations] CAPPING events from decorations provider vscode.git 8111
2023-03-10 15:57:14.947 [warning] [Decorations] CAPPING events from decorations provider vscode.git 8111
2023-03-10 15:57:20.538 [warning] [Decorations] CAPPING events from decorations provider vscode.git 8111
2023-03-10 15:57:26.065 [warning] [Decorations] CAPPING events from decorations provider vscode.git 8111
2023-03-10 15:57:31.590 [warning] [Decorations] CAPPING events from decorations provider vscode.git 8111
2023-03-10 15:57:37.176 [warning] [Decorations] CAPPING events from decorations provider vscode.git 8111
2023-03-10 15:57:42.786 [warning] [Decorations] CAPPING events from decorations provider vscode.git 8111
2023-03-10 15:57:48.355 [warning] [Decorations] CAPPING events from decorations provider vscode.git 8111
2023-03-10 15:57:53.909 [warning] [Decorations] CAPPING events from decorations provider vscode.git 8111
2023-03-10 15:57:59.489 [warning] [Decorations] CAPPING events from decorations provider vscode.git 8111
2023-03-10 15:58:05.028 [warning] [Decorations] CAPPING events from decorations provider vscode.git 8111
2023-03-10 15:58:10.606 [warning] [Decorations] CAPPING events from decorations provider vscode.git 8111
2023-03-10 15:59:08.261 [warning] [Decorations] CAPPING events from decorations provider vscode.git 8111
2023-03-10 15:59:13.941 [warning] [Decorations] CAPPING events from decorations provider vscode.git 8111
2023-03-10 15:59:19.615 [warning] [Decorations] CAPPING events from decorations provider vscode.git 8111
2023-03-10 15:59:26.787 [warning] [Decorations] CAPPING events from decorations provider vscode.git 8111
2023-03-10 15:59:38.272 [warning] [Decorations] CAPPING events from decorations provider vscode.git 8111
2023-03-10 15:59:44.026 [warning] [Decorations] CAPPING events from decorations provider vscode.git 8111
2023-03-10 15:59:49.579 [warning] [Decorations] CAPPING events from decorations provider vscode.git 8111
2023-03-10 15:59:55.118 [warning] [Decorations] CAPPING events from decorations provider vscode.git 8111
2023-03-10 16:00:01.021 [warning] [Decorations] CAPPING events from decorations provider vscode.git 8111
2023-03-10 16:00:09.065 [warning] [Decorations] CAPPING events from decorations provider vscode.git 8111
2023-03-10 16:00:14.774 [warning] [Decorations] CAPPING events from decorations provider vscode.git 8111
2023-03-10 16:00:23.448 [warning] [Decorations] CAPPING events from decorations provider vscode.git 8111
2023-03-10 16:00:29.050 [warning] [Decorations] CAPPING events from decorations provider vscode.git 8111
2023-03-10 16:00:35.672 [warning] [Decorations] CAPPING events from decorations provider vscode.git 8111
2023-03-10 16:00:41.305 [warning] [Decorations] CAPPING events from decorations provider vscode.git 8111
2023-03-10 16:00:47.349 [warning] [Decorations] CAPPING events from decorations provider vscode.git 8111
2023-03-10 16:00:52.930 [warning] [Decorations] CAPPING events from decorations provider vscode.git 8111
2023-03-10 16:00:58.503 [warning] [Decorations] CAPPING events from decorations provider vscode.git 8111
2023-03-10 16:01:04.099 [warning] [Decorations] CAPPING events from decorations provider vscode.git 8111
2023-03-10 16:01:09.636 [warning] [Decorations] CAPPING events from decorations provider vscode.git 8111
2023-03-10 16:01:15.217 [warning] [Decorations] CAPPING events from decorations provider vscode.git 8111
2023-03-10 16:01:20.894 [warning] [Decorations] CAPPING events from decorations provider vscode.git 8111
2023-03-10 16:01:26.479 [warning] [Decorations] CAPPING events from decorations provider vscode.git 8111
2023-03-10 16:01:32.107 [warning] [Decorations] CAPPING events from decorations provider vscode.git 8111
2023-03-10 16:01:38.625 [warning] [Decorations] CAPPING events from decorations provider vscode.git 8111
2023-03-10 16:01:44.932 [warning] [Decorations] CAPPING events from decorations provider vscode.git 8111
2023-03-10 16:01:50.528 [warning] [Decorations] CAPPING events from decorations provider vscode.git 8111
2023-03-10 16:01:56.104 [warning] [Decorations] CAPPING events from decorations provider vscode.git 8111
2023-03-10 16:02:01.680 [warning] [Decorations] CAPPING events from decorations provider vscode.git 8111
2023-03-10 16:02:08.265 [warning] [Decorations] CAPPING events from decorations provider vscode.git 8112
2023-03-10 16:02:13.847 [warning] [Decorations] CAPPING events from decorations provider vscode.git 8112
2023-03-10 16:02:19.441 [warning] [Decorations] CAPPING events from decorations provider vscode.git 8112
2023-03-10 16:02:25.078 [warning] [Decorations] CAPPING events from decorations provider vscode.git 8112
2023-03-10 16:02:30.643 [warning] [Decorations] CAPPING events from decorations provider vscode.git 8112
2023-03-10 16:02:36.240 [warning] [Decorations] CAPPING events from decorations provider vscode.git 8112
2023-03-10 16:02:41.780 [warning] [Decorations] CAPPING events from decorations provider vscode.git 8112
2023-03-10 16:02:47.337 [warning] [Decorations] CAPPING events from decorations provider vscode.git 8112
2023-03-10 16:02:53.140 [warning] [Decorations] CAPPING events from decorations provider vscode.git 8112
2023-03-10 16:02:58.724 [warning] [Decorations] CAPPING events from decorations provider vscode.git 8112
2023-03-10 16:03:04.272 [warning] [Decorations] CAPPING events from decorations provider vscode.git 8112
2023-03-10 16:03:09.874 [warning] [Decorations] CAPPING events from decorations provider vscode.git 8112
2023-03-10 16:03:15.411 [warning] [Decorations] CAPPING events from decorations provider vscode.git 8112
2023-03-10 16:03:20.949 [warning] [Decorations] CAPPING events from decorations provider vscode.git 8112
2023-03-10 16:03:26.477 [warning] [Decorations] CAPPING events from decorations provider vscode.git 8112
2023-03-10 16:03:32.084 [warning] [Decorations] CAPPING events from decorations provider vscode.git 8112
2023-03-10 16:03:37.639 [warning] [Decorations] CAPPING events from decorations provider vscode.git 8112
2023-03-10 16:03:43.227 [warning] [Decorations] CAPPING events from decorations provider vscode.git 8112
2023-03-10 16:03:48.815 [warning] [Decorations] CAPPING events from decorations provider vscode.git 8112
2023-03-10 16:03:54.388 [warning] [Decorations] CAPPING events from decorations provider vscode.git 8112
2023-03-10 16:03:59.997 [warning] [Decorations] CAPPING events from decorations provider vscode.git 8112
2023-03-10 16:04:05.532 [warning] [Decorations] CAPPING events from decorations provider vscode.git 8112
2023-03-10 16:04:12.487 [warning] [Decorations] CAPPING events from decorations provider vscode.git 8112
2023-03-10 16:04:19.745 [warning] [Decorations] CAPPING events from decorations provider vscode.git 8112
2023-03-10 16:04:27.026 [warning] [Decorations] CAPPING events from decorations provider vscode.git 8112
2023-03-10 16:04:35.148 [warning] [Decorations] CAPPING events from decorations provider vscode.git 8112
2023-03-10 16:04:40.720 [warning] [Decorations] CAPPING events from decorations provider vscode.git 8112
2023-03-10 16:04:46.335 [warning] [Decorations] CAPPING events from decorations provider vscode.git 8112
2023-03-10 16:04:51.894 [warning] [Decorations] CAPPING events from decorations provider vscode.git 8112
2023-03-10 16:04:57.447 [warning] [Decorations] CAPPING events from decorations provider vscode.git 8112
2023-03-10 16:05:03.027 [warning] [Decorations] CAPPING events from decorations provider vscode.git 8112
2023-03-10 16:05:08.559 [warning] [Decorations] CAPPING events from decorations provider vscode.git 8112
2023-03-10 16:05:14.147 [warning] [Decorations] CAPPING events from decorations provider vscode.git 8112
2023-03-10 16:05:20.955 [warning] [Decorations] CAPPING events from decorations provider vscode.git 8112
2023-03-10 16:05:26.637 [warning] [Decorations] CAPPING events from decorations provider vscode.git 8112
2023-03-10 16:05:32.195 [warning] [Decorations] CAPPING events from decorations provider vscode.git 8112
2023-03-10 16:05:37.741 [warning] [Decorations] CAPPING events from decorations provider vscode.git 8112
2023-03-10 16:05:43.362 [warning] [Decorations] CAPPING events from decorations provider vscode.git 8112
